/*C7*/SET SCHEMA PUBLIC
drop table if exists car CASCADE 
drop table if exists tperson CASCADE 
drop sequence hibernate_sequence if exists
create sequence hibernate_sequence start with 1 increment by 1
create table car (immatriculation varchar(255) not null, model varchar(150) not null, owner bigint, primary key (immatriculation))
create table tperson (id bigint not null, birth_day timestamp, first_name varchar(200) not null, version bigint not null, primary key (id))
alter table tperson add constraint UKhmka1mrapu493w0ow6alm6soq unique (first_name, birth_day)
alter table car add constraint FK8y3rm2xv9tyo9tbuq20kod1ja foreign key (owner) references tperson
create table if not exists NAME ( id integer not null,  name varchar(50) not null,  primary key (id) )
INSERT INTO TPERSON VALUES(1,NULL,'Jean',0)
ALTER SEQUENCE PUBLIC.HIBERNATE_SEQUENCE RESTART WITH 2
COMMIT
DELETE FROM TPERSON WHERE ID=1
INSERT INTO TPERSON VALUES(1,'2021-03-08 10:26:02.021000','Jean',1)
COMMIT
DELETE FROM TPERSON WHERE ID=1
COMMIT
drop table if exists car CASCADE 
drop table if exists tperson CASCADE 
drop sequence hibernate_sequence if exists
DISCONNECT
/*C8*/SET SCHEMA PUBLIC
DISCONNECT
/*C9*/SET SCHEMA PUBLIC
DISCONNECT
/*C10*/SET SCHEMA PUBLIC
DISCONNECT
/*C11*/SET SCHEMA PUBLIC
DISCONNECT
